TN:
SF:src\modules\appointments\services\CreateAppointmentsService.ts
FN:17,CreateAppointmentService
FN:25,Object.<anonymous>.CreateAppointmentService.execute
FNF:2
FNH:2
FNDA:5,CreateAppointmentService
FNDA:7,Object.<anonymous>.CreateAppointmentService.execute
DA:1,1
DA:2,1
DA:3,1
DA:4,1
DA:5,1
DA:6,1
DA:7,1
DA:8,1
DA:9,1
DA:10,1
DA:11,1
DA:12,1
DA:13,1
DA:14,1
DA:15,1
DA:16,1
DA:17,1
DA:18,5
DA:19,5
DA:20,5
DA:21,5
DA:22,5
DA:23,5
DA:24,5
DA:25,1
DA:26,7
DA:27,7
DA:28,7
DA:29,7
DA:30,7
DA:31,7
DA:32,7
DA:33,3
DA:34,3
DA:35,7
DA:36,1
DA:37,1
DA:38,7
DA:39,1
DA:40,1
DA:41,2
DA:42,2
DA:43,2
DA:44,7
DA:45,0
DA:46,0
DA:47,7
DA:48,7
DA:49,7
DA:50,7
DA:51,7
DA:52,7
DA:53,7
DA:54,7
DA:55,7
DA:56,7
DA:57,7
DA:58,7
DA:59,7
DA:60,7
DA:61,7
DA:62,7
DA:63,7
DA:64,7
DA:65,7
DA:66,1
LF:66
LH:64
BRDA:16,0,0,1
BRDA:17,1,0,5
BRDA:25,2,0,7
BRDA:32,3,0,3
BRDA:35,4,0,4
BRDA:35,5,0,1
BRDA:38,6,0,3
BRDA:38,7,0,2
BRDA:38,8,0,1
BRDA:41,9,0,2
BRDA:44,10,0,0
BRF:11
BRH:10
end_of_record
TN:
SF:src\modules\appointments\services\ListProviderAppointmentService.ts
FN:16,ListProviderAppointmentService
FN:22,Object.<anonymous>.ListProviderAppointmentService.execute
FNF:2
FNH:1
FNDA:1,ListProviderAppointmentService
FNDA:0,Object.<anonymous>.ListProviderAppointmentService.execute
DA:1,1
DA:2,1
DA:3,1
DA:4,1
DA:5,1
DA:6,1
DA:7,1
DA:8,1
DA:9,1
DA:10,1
DA:11,1
DA:12,1
DA:13,1
DA:14,1
DA:15,1
DA:16,1
DA:17,1
DA:18,1
DA:19,1
DA:20,1
DA:21,1
DA:22,1
DA:23,0
DA:24,0
DA:25,0
DA:26,0
DA:27,0
DA:28,0
DA:29,0
DA:30,0
DA:31,0
DA:32,0
DA:33,0
DA:34,0
DA:35,0
DA:36,0
DA:37,0
DA:38,0
DA:39,0
DA:40,0
DA:41,0
DA:42,0
DA:43,0
DA:44,0
DA:45,0
DA:46,1
LF:46
LH:23
BRDA:15,0,0,1
BRDA:16,1,0,1
BRF:2
BRH:2
end_of_record
TN:
SF:src\modules\appointments\services\ListProviderDayAvailibilityService.ts
FN:27,ListProviderDayAvailibilityService
FN:31,Object.<anonymous>.ListProviderDayAvailibilityService.execute
FNF:2
FNH:2
FNDA:1,ListProviderDayAvailibilityService
FNDA:1,Object.<anonymous>.ListProviderDayAvailibilityService.execute
DA:1,1
DA:2,1
DA:3,1
DA:4,1
DA:5,1
DA:6,1
DA:7,1
DA:8,1
DA:9,1
DA:10,1
DA:11,1
DA:12,1
DA:13,1
DA:14,1
DA:15,1
DA:16,1
DA:17,1
DA:18,1
DA:19,1
DA:20,1
DA:21,1
DA:22,1
DA:23,1
DA:24,1
DA:25,1
DA:26,1
DA:27,1
DA:28,1
DA:29,1
DA:30,1
DA:31,1
DA:32,1
DA:33,1
DA:34,1
DA:35,1
DA:36,1
DA:37,1
DA:38,1
DA:39,1
DA:40,1
DA:41,1
DA:42,1
DA:43,1
DA:44,1
DA:45,1
DA:46,1
DA:47,1
DA:48,1
DA:49,1
DA:50,1
DA:51,1
DA:52,10
DA:53,10
DA:54,10
DA:55,10
DA:56,10
DA:57,10
DA:58,10
DA:59,10
DA:60,1
DA:61,1
DA:62,1
DA:63,1
DA:64,1
LF:64
LH:64
BRDA:26,0,0,1
BRDA:27,1,0,1
BRDA:31,2,0,1
BRDA:37,3,0,1
BRDA:48,4,0,10
BRDA:51,5,0,10
BRDA:58,6,0,8
BRDA:53,7,0,19
BRF:8
BRH:8
end_of_record
TN:
SF:src\modules\appointments\services\ListProviderMounthAvailabilityService.ts
FN:20,ListProviderMounthAvailabilityService
FN:24,Object.<anonymous>.ListProviderMounthAvailabilityService.execute
FNF:2
FNH:2
FNDA:1,ListProviderMounthAvailabilityService
FNDA:1,Object.<anonymous>.ListProviderMounthAvailabilityService.execute
DA:1,1
DA:2,1
DA:3,1
DA:4,1
DA:5,1
DA:6,1
DA:7,1
DA:8,1
DA:9,1
DA:10,1
DA:11,1
DA:12,1
DA:13,1
DA:14,1
DA:15,1
DA:16,1
DA:17,1
DA:18,1
DA:19,1
DA:20,1
DA:21,1
DA:22,1
DA:23,1
DA:24,1
DA:25,1
DA:26,1
DA:27,1
DA:28,1
DA:29,1
DA:30,1
DA:31,1
DA:32,1
DA:33,1
DA:34,1
DA:35,1
DA:36,1
DA:37,1
DA:38,1
DA:39,1
DA:40,1
DA:41,1
DA:42,1
DA:43,31
DA:44,31
DA:45,31
DA:46,31
DA:47,31
DA:48,31
DA:49,31
DA:50,1
DA:51,1
DA:52,1
DA:53,1
LF:53
LH:53
BRDA:19,0,0,1
BRDA:20,1,0,1
BRDA:24,2,0,1
BRDA:29,3,0,1
BRDA:39,4,0,31
BRDA:42,5,0,31
BRDA:44,6,0,341
BRF:7
BRH:7
end_of_record
TN:
SF:src\modules\appointments\services\ListProvidersService.ts
FN:12,ListProvidersService
FN:19,Object.<anonymous>.ListProvidersService.execute
FNF:2
FNH:2
FNDA:1,ListProvidersService
FNDA:1,Object.<anonymous>.ListProvidersService.execute
DA:1,1
DA:2,1
DA:3,1
DA:4,1
DA:5,1
DA:6,1
DA:7,1
DA:8,1
DA:9,1
DA:10,1
DA:11,1
DA:12,1
DA:13,1
DA:14,1
DA:15,1
DA:16,1
DA:17,1
DA:18,1
DA:19,1
DA:20,1
DA:21,1
DA:22,1
DA:23,1
DA:24,1
DA:25,1
DA:26,1
DA:27,1
DA:28,1
DA:29,1
DA:30,1
DA:31,1
DA:32,1
DA:33,1
LF:33
LH:33
BRDA:11,0,0,1
BRDA:12,1,0,1
BRDA:19,2,0,1
BRDA:20,3,0,1
BRDA:24,4,0,0
BRDA:31,5,0,1
BRF:6
BRH:5
end_of_record
TN:
SF:src\modules\users\services\ResetPasswordService.ts
FN:14,ResetPasswordService
FN:22,Object.<anonymous>.ResetPasswordService.execute
FNF:2
FNH:2
FNDA:1,ResetPasswordService
FNDA:4,Object.<anonymous>.ResetPasswordService.execute
DA:1,1
DA:2,1
DA:3,1
DA:4,1
DA:5,1
DA:6,1
DA:7,1
DA:8,1
DA:9,1
DA:10,1
DA:11,1
DA:12,1
DA:13,1
DA:14,1
DA:15,1
DA:16,1
DA:17,1
DA:18,1
DA:19,1
DA:20,1
DA:21,1
DA:22,1
DA:23,4
DA:24,4
DA:25,1
DA:26,1
DA:27,3
DA:28,4
DA:29,4
DA:30,1
DA:31,1
DA:32,2
DA:33,2
DA:34,2
DA:35,4
DA:36,1
DA:37,1
DA:38,1
DA:39,1
DA:40,4
DA:41,4
DA:42,4
DA:43,1
LF:43
LH:43
BRDA:13,0,0,1
BRDA:14,1,0,1
BRDA:22,2,0,4
BRDA:23,3,0,4
BRDA:24,4,0,1
BRDA:27,5,0,3
BRDA:29,6,0,1
BRDA:32,7,0,2
BRDA:35,8,0,1
BRF:9
BRH:9
end_of_record
TN:
SF:src\modules\users\services\SendForgotPasswordEmailService.ts
FN:12,SendForgotPasswordEmailService
FN:20,Object.<anonymous>.SendForgotPasswordEmailService.execute
FNF:2
FNH:2
FNDA:1,SendForgotPasswordEmailService
FNDA:2,Object.<anonymous>.SendForgotPasswordEmailService.execute
DA:1,1
DA:2,1
DA:3,1
DA:4,1
DA:5,1
DA:6,1
DA:7,1
DA:8,1
DA:9,1
DA:10,1
DA:11,1
DA:12,1
DA:13,1
DA:14,1
DA:15,1
DA:16,1
DA:17,1
DA:18,1
DA:19,1
DA:20,1
DA:21,2
DA:22,2
DA:23,1
DA:24,1
DA:25,1
DA:26,2
DA:27,2
DA:28,2
DA:29,2
DA:30,2
DA:31,2
DA:32,2
DA:33,2
DA:34,2
DA:35,2
DA:36,2
DA:37,2
DA:38,2
DA:39,2
DA:40,2
DA:41,2
DA:42,2
DA:43,2
DA:44,2
DA:45,2
DA:46,2
DA:47,2
DA:48,2
DA:49,1
LF:49
LH:49
BRDA:11,0,0,1
BRDA:12,1,0,1
BRDA:20,2,0,2
BRDA:21,3,0,2
BRDA:22,4,0,1
BRF:5
BRH:5
end_of_record
TN:
SF:src\modules\users\services\ShowProfileService.ts
FN:12,ShowProfileService
FN:17,Object.<anonymous>.ShowProfileService.execute
FNF:2
FNH:2
FNDA:1,ShowProfileService
FNDA:1,Object.<anonymous>.ShowProfileService.execute
DA:1,1
DA:2,1
DA:3,1
DA:4,1
DA:5,1
DA:6,1
DA:7,1
DA:8,1
DA:9,1
DA:10,1
DA:11,1
DA:12,1
DA:13,1
DA:14,1
DA:15,1
DA:16,1
DA:17,1
DA:18,1
DA:19,1
DA:20,0
DA:21,0
DA:22,1
DA:23,1
DA:24,1
LF:24
LH:22
BRDA:11,0,0,1
BRDA:12,1,0,1
BRDA:17,2,0,1
BRDA:18,3,0,1
BRDA:19,4,0,0
BRF:5
BRH:4
end_of_record
TN:
SF:src\modules\users\services\UpdateProfileService.ts
FN:21,UpdateProfileService
FN:28,Object.<anonymous>.UpdateProfileService.execute
FNF:2
FNH:2
FNDA:5,UpdateProfileService
FNDA:5,Object.<anonymous>.UpdateProfileService.execute
DA:1,1
DA:2,1
DA:3,1
DA:4,1
DA:5,1
DA:6,1
DA:7,1
DA:8,1
DA:9,1
DA:10,1
DA:11,1
DA:12,1
DA:13,1
DA:14,1
DA:15,1
DA:16,1
DA:17,1
DA:18,1
DA:19,1
DA:20,1
DA:21,1
DA:22,5
DA:23,5
DA:24,5
DA:25,5
DA:26,5
DA:27,1
DA:28,1
DA:29,5
DA:30,5
DA:31,5
DA:32,5
DA:33,5
DA:34,5
DA:35,5
DA:36,5
DA:37,0
DA:38,0
DA:39,5
DA:40,5
DA:41,5
DA:42,5
DA:43,1
DA:44,1
DA:45,5
DA:46,1
DA:47,1
DA:48,3
DA:49,3
DA:50,3
DA:51,5
DA:52,2
DA:53,2
DA:54,2
DA:55,2
DA:56,5
DA:57,1
DA:58,1
DA:59,1
DA:60,5
DA:61,5
DA:62,5
DA:63,5
DA:64,5
DA:65,1
LF:65
LH:63
BRDA:20,0,0,1
BRDA:21,1,0,5
BRDA:28,2,0,5
BRDA:35,3,0,5
BRDA:36,4,0,0
BRDA:42,5,0,1
BRDA:42,6,0,1
BRDA:45,7,0,4
BRDA:45,8,0,3
BRDA:45,9,0,1
BRDA:48,10,0,3
BRDA:51,11,0,2
BRDA:51,12,0,1
BRDA:51,13,0,2
BRDA:56,14,0,1
BRDA:61,15,0,2
BRF:16
BRH:15
end_of_record
TN:
SF:src\modules\users\services\authenticate-user.service.ts
FN:17,AuthenticateUserService
FN:23,AuthenticateUserService.execute
FNF:2
FNH:2
FNDA:1,AuthenticateUserService
FNDA:3,AuthenticateUserService.execute
DA:1,1
DA:2,1
DA:3,1
DA:4,1
DA:5,1
DA:6,1
DA:7,1
DA:8,1
DA:9,1
DA:10,1
DA:11,1
DA:12,1
DA:13,1
DA:14,1
DA:15,1
DA:16,1
DA:17,1
DA:18,1
DA:19,1
DA:20,1
DA:21,1
DA:22,1
DA:23,1
DA:24,3
DA:25,3
DA:26,3
DA:27,3
DA:28,3
DA:29,1
DA:30,1
DA:31,2
DA:32,2
DA:33,2
DA:34,2
DA:35,2
DA:36,3
DA:37,1
DA:38,1
DA:39,1
DA:40,1
DA:41,1
DA:42,1
DA:43,1
DA:44,1
DA:45,3
DA:46,1
LF:46
LH:46
BRDA:16,0,0,1
BRDA:17,1,0,1
BRDA:23,2,0,3
BRDA:27,3,0,3
BRDA:28,4,0,1
BRDA:31,5,0,2
BRDA:36,6,0,1
BRF:7
BRH:7
end_of_record
TN:
SF:src\modules\users\services\create-user.service.ts
FN:15,CreateUserService
FN:24,Object.<anonymous>.CreateUserService.execute
FNF:2
FNH:2
FNDA:3,CreateUserService
FNDA:5,Object.<anonymous>.CreateUserService.execute
DA:1,1
DA:2,1
DA:3,1
DA:4,1
DA:5,1
DA:6,1
DA:7,1
DA:8,1
DA:9,1
DA:10,1
DA:11,1
DA:12,1
DA:13,1
DA:14,2
DA:15,2
DA:16,3
DA:17,3
DA:18,3
DA:19,3
DA:20,3
DA:21,3
DA:22,3
DA:23,2
DA:24,2
DA:25,5
DA:26,5
DA:27,1
DA:28,1
DA:29,4
DA:30,4
DA:31,5
DA:32,5
DA:33,5
DA:34,5
DA:35,5
DA:36,5
DA:37,5
DA:38,5
DA:39,5
DA:40,2
LF:40
LH:40
BRDA:14,0,0,2
BRDA:15,1,0,3
BRDA:24,2,0,5
BRDA:25,3,0,5
BRDA:26,4,0,1
BRDA:29,5,0,4
BRF:6
BRH:6
end_of_record
TN:
SF:src\modules\users\services\update-user-avatar.service.ts
FN:16,UpdateUserAvatarService
FN:23,Object.<anonymous>.UpdateUserAvatarService.execute
FNF:2
FNH:2
FNDA:3,UpdateUserAvatarService
FNDA:4,Object.<anonymous>.UpdateUserAvatarService.execute
DA:1,1
DA:2,1
DA:3,1
DA:4,1
DA:5,1
DA:6,1
DA:7,1
DA:8,1
DA:9,1
DA:10,1
DA:11,1
DA:12,1
DA:13,1
DA:14,1
DA:15,1
DA:16,1
DA:17,3
DA:18,3
DA:19,3
DA:20,3
DA:21,3
DA:22,1
DA:23,1
DA:24,4
DA:25,4
DA:26,4
DA:27,4
DA:28,4
DA:29,1
DA:30,1
DA:31,3
DA:32,3
DA:33,1
DA:34,4
DA:35,4
DA:36,4
DA:37,4
DA:38,4
DA:39,4
DA:40,4
DA:41,4
DA:42,4
DA:43,1
LF:43
LH:43
BRDA:15,0,0,1
BRDA:16,1,0,3
BRDA:23,2,0,4
BRDA:27,3,0,4
BRDA:28,4,0,1
BRDA:31,5,0,3
BRDA:32,6,0,2
BRDA:32,7,0,1
BRDA:36,8,0,3
BRF:9
BRH:9
end_of_record
